rm: cannot remove ‘mpi_sum.txt’: No such file or directory
n = 500, simulation time = 0.186626 seconds
Starting slave 1
n = 500, simulation time = 0.385331 seconds
Starting slave 1

n = 500, simulation time = 0.370605 secondsStarting slave 2
Starting slave 3
Starting slave 1


n = 500, simulation time = 0.271625 seconds
Starting slave 2
Starting slave 7
Starting slave 1
Starting slave 4
Starting slave 5
Starting slave 3
Starting slave 6





n = 500, simulation time = 0.20242 seconds

Starting slave 7
Starting slave 2
Starting slave 6
Starting slave 3
Starting slave 4
Starting slave 5
Starting slave 1
Starting slave 8
Starting slave 10
Starting slave 9
Starting slave 11
Starting slave 14
Starting slave 12
Starting slave 13
Starting slave 15







n = 500, simulation time = 0.242581 seconds







Starting slave 1
n = 1000, simulation time = 1.62187 seconds
Starting slave 2
Starting slave 1
Starting slave 3



n = 2000, simulation time = 3.45506 secondsStarting slave 7
Starting slave 2
Starting slave 4
Starting slave 5
Starting slave 3
Starting slave 1
Starting slave 6






n = 4000, simulation time = 4.6365 seconds
Starting slave 2
Starting slave 7
Starting slave 14
Starting slave 4
Starting slave 8
Starting slave 10
Starting slave 5
Starting slave 6
Starting slave 1
Starting slave 11
Starting slave 9
Starting slave 15
Starting slave 13
Starting slave 3
Starting slave 12















n = 50000, simulation time = 104.9 seconds
Strong scaling estimates are :
    0.48    0.50    0.69    0.92    0.77 (speedup)
    0.48    0.25    0.17    0.12    0.05 (efficiency)    for
       2       2       4       8      16 threads/processors

Average strong scaling efficiency:    0.21 

Weak scaling estimates are :
    0.48    0.12    0.05    0.04    0.00 (efficiency)    for
       2       2       4       8      16 threads/processors

Average weak scaling efficiency:    0.14 


mpi Grade =   26.50

